#
# There is insufficient memory for the Java Runtime Environment to continue.
# Native memory allocation (mmap) failed to map 255852544 bytes for G1 virtual space
# Possible reasons:
#   The system is out of physical RAM or swap space
#   The process is running with CompressedOops enabled, and the Java Heap may be blocking the growth of the native heap
# Possible solutions:
#   Reduce memory load on the system
#   Increase physical memory or swap space
#   Check if swap backing store is full
#   Decrease Java heap size (-Xmx/-Xms)
#   Decrease number of Java threads
#   Decrease Java thread stack sizes (-Xss)
#   Set larger code cache with -XX:ReservedCodeCacheSize=
#   JVM is running with Zero Based Compressed Oops mode in which the Java heap is
#     placed in the first 32GB address space. The Java Heap base address is the
#     maximum limit for the native heap growth. Please use -XX:HeapBaseMinAddress
#     to set the Java Heap base and to place the Java Heap above 32GB virtual address.
# This output file may be truncated or incomplete.
#
#  Out of Memory Error (os_windows.cpp:3825), pid=2572, tid=1552
#
# JRE version:  (17.0.9) (build )
# Java VM: OpenJDK 64-Bit Server VM (17.0.9+0--11185874, mixed mode, sharing, tiered, compressed oops, compressed class ptrs, g1 gc, windows-amd64)
# No core dump will be written. Minidumps are not enabled by default on client versions of Windows
#

---------------  S U M M A R Y ------------

Command Line: git4idea.http.GitAskPassApp Username for 'https://github.com': 

Host: AMD Ryzen 7 6800H with Radeon Graphics         , 16 cores, 15G,  Windows 11 , 64 bit Build 22621 (10.0.22621.3085)
Time: Tue Jan 30 18:53:03 2024  Windows 11 , 64 bit Build 22621 (10.0.22621.3085) elapsed time: 0.012987 seconds (0d 0h 0m 0s)

---------------  T H R E A D  ---------------

Current thread (0x000001c1a2bba120):  JavaThread "Unknown thread" [_thread_in_vm, id=1552, stack(0x00000073e0a00000,0x00000073e0b00000)]

Stack: [0x00000073e0a00000,0x00000073e0b00000]
Native frames: (J=compiled Java code, j=interpreted, Vv=VM code, C=native code)
V  [jvm.dll+0x6886e9]
V  [jvm.dll+0x841e4a]
V  [jvm.dll+0x843a8e]
V  [jvm.dll+0x8440f3]
V  [jvm.dll+0x24c14f]
V  [jvm.dll+0x685499]
V  [jvm.dll+0x679c2a]
V  [jvm.dll+0x30cf9b]
V  [jvm.dll+0x314446]
V  [jvm.dll+0x36425e]
V  [jvm.dll+0x36448f]
V  [jvm.dll+0x2e2d68]
V  [jvm.dll+0x2e3cd4]
V  [jvm.dll+0x8129f1]
V  [jvm.dll+0x3720c1]
V  [jvm.dll+0x7f152c]
V  [jvm.dll+0x3f5d4f]
V  [jvm.dll+0x3f7981]
C  [jli.dll+0x528f]
C  [ucrtbase.dll+0x29363]
C  [KERNEL32.DLL+0x1257d]
C  [ntdll.dll+0x5aa58]


---------------  P R O C E S S  ---------------

Threads class SMR info:
_java_thread_list=0x00007ffff1baef18, length=0, elements={
}

Java Threads: ( => current thread )

Other Threads:
  0x000001c1a2c23390 GCTaskThread "GC Thread#0" [stack: 0x00000073e0b00000,0x00000073e0c00000] [id=2152]
  0x000001c1a2c335f0 ConcurrentGCThread "G1 Main Marker" [stack: 0x00000073e0c00000,0x00000073e0d00000] [id=9544]
  0x000001c1a2c347b0 ConcurrentGCThread "G1 Conc#0" [stack: 0x00000073e0d00000,0x00000073e0e00000] [id=9028]

[error occurred during error reporting (printing all threads), id 0xc0000005, EXCEPTION_ACCESS_VIOLATION (0xc0000005) at pc=0x00007ffff1363937]

VM state: not at safepoint (not fully initialized)

VM Mutex/Monitor currently owned by a thread:  ([mutex/lock_event])
[0x000001c1a2bb5b30] Heap_lock - owner thread: 0x000001c1a2bba120

Heap address: 0x000000070ce00000, size: 3890 MB, Compressed Oops mode: Zero based, Oop shift amount: 3

CDS archive(s) mapped at: [0x0000000000000000-0x0000000000000000-0x0000000000000000), size 0, SharedBaseAddress: 0x0000000800000000, ArchiveRelocationMode: 1.
Narrow klass base: 0x0000000000000000, Narrow klass shift: 0, Narrow klass range: 0x0

GC Precious Log:
<Empty>

Heap:
 garbage-first heap   total 0K, used 0K [0x000000070ce00000, 0x0000000800000000)
  region size 2048K, 0 young (0K), 0 survivors (0K)
 Metaspace       used 0K, committed 0K, reserved 0K
  class space    used 0K, committed 0K, reserved 0K

Heap Regions: E=young(eden), S=young(survivor), O=old, HS=humongous(starts), HC=humongous(continues), CS=collection set, F=free, OA=open archive, CA=closed archive, TAMS=top-at-mark-start (previous, next)

Card table byte_map: [0x000001c1b60c0000,0x000001c1b6860000] _byte_map_base: 0x000001c1b2859000

Marking Bits (Prev, Next): (CMBitMap*) 0x000001c1a2c239b0, (CMBitMap*) 0x000001c1a2c239f0
 Prev Bits: [0x000001c1b7000000, 0x000001c1bacc8000)
 Next Bits: [0x000001c1bacd0000, 0x000001c1be998000)

GC Heap History (0 events):
No events

Dll operation events (1 events):
Event: 0.008 Loaded shared library D:\Files\Android Studio\android-studio\jbr\bin\java.dll

Deoptimization events (0 events):
No events

Classes unloaded (0 events):
No events

Classes redefined (0 events):
No events

Internal exceptions (0 events):
No events

VM Operations (0 events):
No events

Events (0 events):
No events


Dynamic libraries:
0x00007ff619830000 - 0x00007ff61983a000 	D:\Files\Android Studio\android-studio\jbr\bin\java.exe
0x00007ff861a30000 - 0x00007ff861c47000 	C:\WINDOWS\SYSTEM32\ntdll.dll
0x00007ff85f7c0000 - 0x00007ff85f884000 	C:\WINDOWS\System32\KERNEL32.DLL
0x00007ff85f260000 - 0x00007ff85f606000 	C:\WINDOWS\System32\KERNELBASE.dll
0x00007ff85f110000 - 0x00007ff85f221000 	C:\WINDOWS\System32\ucrtbase.dll
0x00007ff824d70000 - 0x00007ff824d87000 	D:\Files\Android Studio\android-studio\jbr\bin\jli.dll
0x00007ff8507d0000 - 0x00007ff8507eb000 	D:\Files\Android Studio\android-studio\jbr\bin\VCRUNTIME140.dll
0x00007ff85f900000 - 0x00007ff85faae000 	C:\WINDOWS\System32\USER32.dll
0x00007ff8454b0000 - 0x00007ff845743000 	C:\WINDOWS\WinSxS\amd64_microsoft.windows.common-controls_6595b64144ccf1df_6.0.22621.2506_none_270c5ae97388e100\COMCTL32.dll
0x00007ff861510000 - 0x00007ff8615b7000 	C:\WINDOWS\System32\msvcrt.dll
0x00007ff85ed70000 - 0x00007ff85ed96000 	C:\WINDOWS\System32\win32u.dll
0x00007ff860630000 - 0x00007ff860659000 	C:\WINDOWS\System32\GDI32.dll
0x00007ff85eed0000 - 0x00007ff85efe8000 	C:\WINDOWS\System32\gdi32full.dll
0x00007ff85eff0000 - 0x00007ff85f08a000 	C:\WINDOWS\System32\msvcp_win.dll
0x00007ff85f780000 - 0x00007ff85f7b1000 	C:\WINDOWS\System32\IMM32.DLL
0x00007ff85b8f0000 - 0x00007ff85b8fc000 	D:\Files\Android Studio\android-studio\jbr\bin\vcruntime140_1.dll
0x00007ff847050000 - 0x00007ff8470dd000 	D:\Files\Android Studio\android-studio\jbr\bin\msvcp140.dll
0x00007ffff1070000 - 0x00007ffff1cf3000 	D:\Files\Android Studio\android-studio\jbr\bin\server\jvm.dll
0x00007ff860570000 - 0x00007ff860623000 	C:\WINDOWS\System32\ADVAPI32.dll
0x00007ff85fd80000 - 0x00007ff85fe28000 	C:\WINDOWS\System32\sechost.dll
0x00007ff85f230000 - 0x00007ff85f258000 	C:\WINDOWS\System32\bcrypt.dll
0x00007ff861780000 - 0x00007ff861897000 	C:\WINDOWS\System32\RPCRT4.dll
0x00007ff85eb90000 - 0x00007ff85ebdd000 	C:\WINDOWS\SYSTEM32\POWRPROF.dll
0x00007ff8504e0000 - 0x00007ff8504e9000 	C:\WINDOWS\SYSTEM32\WSOCK32.dll
0x00007ff85fe50000 - 0x00007ff85fec1000 	C:\WINDOWS\System32\WS2_32.dll
0x00007ff855e10000 - 0x00007ff855e1a000 	C:\WINDOWS\SYSTEM32\VERSION.dll
0x00007ff8579f0000 - 0x00007ff857a24000 	C:\WINDOWS\SYSTEM32\WINMM.dll
0x00007ff85ea70000 - 0x00007ff85ea83000 	C:\WINDOWS\SYSTEM32\UMPDC.dll
0x00007ff85dd70000 - 0x00007ff85dd88000 	C:\WINDOWS\SYSTEM32\kernel.appcore.dll
0x00007ff84d760000 - 0x00007ff84d76a000 	D:\Files\Android Studio\android-studio\jbr\bin\jimage.dll
0x00007ff85c5f0000 - 0x00007ff85c823000 	C:\WINDOWS\SYSTEM32\DBGHELP.DLL
0x00007ff861180000 - 0x00007ff861509000 	C:\WINDOWS\System32\combase.dll
0x00007ff861900000 - 0x00007ff8619d7000 	C:\WINDOWS\System32\OLEAUT32.dll
0x00007ff857fd0000 - 0x00007ff858002000 	C:\WINDOWS\SYSTEM32\dbgcore.DLL
0x00007ff85f090000 - 0x00007ff85f10a000 	C:\WINDOWS\System32\bcryptPrimitives.dll
0x00007ff849600000 - 0x00007ff849625000 	D:\Files\Android Studio\android-studio\jbr\bin\java.dll

dbghelp: loaded successfully - version: 4.0.5 - missing functions: none
symbol engine: initialized successfully - sym options: 0x614 - pdb path: .;D:\Files\Android Studio\android-studio\jbr\bin;C:\WINDOWS\SYSTEM32;C:\WINDOWS\WinSxS\amd64_microsoft.windows.common-controls_6595b64144ccf1df_6.0.22621.2506_none_270c5ae97388e100;D:\Files\Android Studio\android-studio\jbr\bin\server

VM Arguments:
java_command: git4idea.http.GitAskPassApp Username for 'https://github.com': 
java_class_path (initial): D:/Files/Android Studio/android-studio/plugins/vcs-git/lib/git4idea-rt.jar;D:/Files/Android Studio/android-studio/lib/externalProcess-rt.jar
Launcher Type: SUN_STANDARD

[Global flags]
     intx CICompilerCount                          = 12                                        {product} {ergonomic}
     uint ConcGCThreads                            = 3                                         {product} {ergonomic}
     uint G1ConcRefinementThreads                  = 13                                        {product} {ergonomic}
   size_t G1HeapRegionSize                         = 2097152                                   {product} {ergonomic}
    uintx GCDrainStackTargetSize                   = 64                                        {product} {ergonomic}
   size_t InitialHeapSize                          = 255852544                                 {product} {ergonomic}
   size_t MarkStackSize                            = 4194304                                   {product} {ergonomic}
   size_t MaxHeapSize                              = 4078960640                                {product} {ergonomic}
   size_t MinHeapDeltaBytes                        = 2097152                                   {product} {ergonomic}
   size_t MinHeapSize                              = 8388608                                   {product} {ergonomic}
    uintx NonNMethodCodeHeapSize                   = 7602480                                {pd product} {ergonomic}
    uintx NonProfiledCodeHeapSize                  = 122027880                              {pd product} {ergonomic}
    uintx ProfiledCodeHeapSize                     = 122027880                              {pd product} {ergonomic}
    uintx ReservedCodeCacheSize                    = 251658240                              {pd product} {ergonomic}
     bool SegmentedCodeCache                       = true                                      {product} {ergonomic}
   size_t SoftMaxHeapSize                          = 4078960640                             {manageable} {ergonomic}
     bool UseCompressedClassPointers               = true                           {product lp64_product} {ergonomic}
     bool UseCompressedOops                        = true                           {product lp64_product} {ergonomic}
     bool UseG1GC                                  = true                                      {product} {ergonomic}
     bool UseLargePagesIndividualAllocation        = false                                  {pd product} {ergonomic}

Logging:
Log output configuration:
 #0: stdout all=warning uptime,level,tags
 #1: stderr all=off uptime,level,tags

Environment Variables:
JAVA_HOME=D:\Projects\.jdks\openjdk
PATH=C:\Program Files\Git\mingw64\libexec\git-core;C:\Program Files\Git\mingw64\libexec\git-core;C:\Program Files\Git\mingw64\bin;C:\Program Files\Git\usr\bin;C:\Users\shpag\bin;C:\WINDOWS\system32;C:\WINDOWS;C:\WINDOWS\System32\Wbem;C:\WINDOWS\System32\WindowsPowerShell\v1.0;C:\WINDOWS\System32\OpenSSH;C:\Program Files\Git\cmd;C:\ProgramData\chocolatey\bin;C:\Program Files\PowerShell\7;C:\Users\shpag\AppData\Local\Microsoft\WindowsApps;D:\Files\IntelliJ IDEA 2022.3.2\bin;D:\Files\PyCharm Community Edition 2023.1.2\bin;C:\Users\shpag\AppData\Local\JetBrains\Toolbox\scripts;C:\Users\shpag\.gradle\wrapper\dists\gradle-8.1-bin\2eyty4r6kz6fpakefpk52nbbm\gradle-8.1\bin
USERNAME=shpag
DISPLAY=:0.0
LC_ALL=en_US.UTF-8
TERM=xterm-256color
TMPDIR=C:\Users\shpag\AppData\Local\Temp
OS=Windows_NT
PROCESSOR_IDENTIFIER=AMD64 Family 25 Model 68 Stepping 1, AuthenticAMD
TMP=C:\Users\shpag\AppData\Local\Temp
TEMP=C:\Users\shpag\AppData\Local\Temp



Periodic native trim disabled

JNI global refs:
JNI global refs: 0, weak refs: 0

JNI global refs memory usage: 0, weak refs: 0

OOME stack traces (most recent first):
Classloader memory used:


---------------  S Y S T E M  ---------------

OS:
 Windows 11 , 64 bit Build 22621 (10.0.22621.3085)
OS uptime: 1 days 20:53 hours
Hyper-V role detected

CPU: total 16 (initial active 16) (16 cores per cpu, 2 threads per core) family 25 model 68 stepping 1 microcode 0x0, cx8, cmov, fxsr, ht, mmx, 3dnowpref, sse, sse2, sse3, ssse3, sse4a, sse4.1, sse4.2, popcnt, lzcnt, tsc, tscinvbit, avx, avx2, aes, clmul, bmi1, bmi2, adx, sha, fma, vzeroupper, clflush, clflushopt, hv
Processor Information for all 16 processors :
  Max Mhz: 3201, Current Mhz: 2508, Mhz Limit: 3201

Memory: 4k page, system-wide physical 15556M (2057M free)
TotalPageFile size 17604M (AvailPageFile size 215M)
current process WorkingSet (physical memory assigned to process): 11M, peak: 11M
current process commit charge ("private bytes"): 70M, peak: 314M

vm_info: OpenJDK 64-Bit Server VM (17.0.9+0--11185874) for windows-amd64 JRE (17.0.9+0--11185874), built on Dec  6 2023 18:57:44 by "androidbuild" with MS VC++ 16.10 / 16.11 (VS2019)

END.
